QQLockPattern/build/outputs/logs/manifest-merger-debug-report.txt
-- Merging decision tree log ---
manifest
ADDED from src\main\AndroidManifest.xml:2:1-36:12
	package
		ADDED from src\main\AndroidManifest.xml:3:5-30
		INJECTED from src\main\AndroidManifest.xml
		INJECTED from src\main\AndroidManifest.xml
	android:versionName
		ADDED from src\main\AndroidManifest.xml:5:5-32
		INJECTED from src\main\AndroidManifest.xml
		INJECTED from src\main\AndroidManifest.xml
	android:versionCode
		ADDED from src\main\AndroidManifest.xml:4:5-28
		INJECTED from src\main\AndroidManifest.xml
		INJECTED from src\main\AndroidManifest.xml
	xmlns:android
		ADDED from src\main\AndroidManifest.xml:2:11-69
uses-sdk
ADDED from src\main\AndroidManifest.xml:7:5-9:41
	android:targetSdkVersion
		ADDED from src\main\AndroidManifest.xml:9:9-38
		INJECTED from src\main\AndroidManifest.xml
		INJECTED from src\main\AndroidManifest.xml
	android:minSdkVersion
		ADDED from src\main\AndroidManifest.xml:8:9-34
		INJECTED from src\main\AndroidManifest.xml
		INJECTED from src\main\AndroidManifest.xml
application
ADDED from src\main\AndroidManifest.xml:11:5-34:19
	android:label
		ADDED from src\main\AndroidManifest.xml:14:9-41
	android:icon
		ADDED from src\main\AndroidManifest.xml:13:9-45
	android:theme
		ADDED from src\main\AndroidManifest.xml:15:9-40
	android:name
		ADDED from src\main\AndroidManifest.xml:12:9-43
activity#com.way.pattern.UnlockGesturePasswordActivity
ADDED from src\main\AndroidManifest.xml:16:9-25:20
	android:screenOrientation
		ADDED from src\main\AndroidManifest.xml:19:13-49
	android:launchMode
		ADDED from src\main\AndroidManifest.xml:18:13-44
	android:name
		ADDED from src\main\AndroidManifest.xml:17:13-73
intent-filter#android.intent.action.MAIN+android.intent.category.LAUNCHER
ADDED from src\main\AndroidManifest.xml:20:13-24:29
action#android.intent.action.MAIN
ADDED from src\main\AndroidManifest.xml:21:17-69
	android:name
		ADDED from src\main\AndroidManifest.xml:21:25-66
category#android.intent.category.LAUNCHER
ADDED from src\main\AndroidManifest.xml:23:17-77
	android:name
		ADDED from src\main\AndroidManifest.xml:23:27-74
activity#com.way.pattern.CreateGesturePasswordActivity
ADDED from src\main\AndroidManifest.xml:26:9-29:52
	android:screenOrientation
		ADDED from src\main\AndroidManifest.xml:29:13-49
	android:launchMode
		ADDED from src\main\AndroidManifest.xml:28:13-44
	android:name
		ADDED from src\main\AndroidManifest.xml:27:13-73
activity#com.way.pattern.GuideGesturePasswordActivity
ADDED from src\main\AndroidManifest.xml:30:9-33:52
	android:screenOrientation
		ADDED from src\main\AndroidManifest.xml:33:13-49
	android:launchMode
		ADDED from src\main\AndroidManifest.xml:32:13-44
	android:name
		ADDED from src\main\AndroidManifest.xml:31:13-72